Using pre-set license
Built from '2020.2/release' branch; Version is '2020.2.1f1 (270dd8c3da1c) revision 2559448'; Using compiler version '192528614'; Build Type 'Release'
OS: 'Windows 10  (10.0.0) 64bit' Language: 'ru' Physical Memory: 6012 MB
BatchMode: 1, IsHumanControllingUs: 0, StartBugReporterOnCrash: 0, Is64bit: 1, IsPro: 0

 COMMAND LINE ARGUMENTS:
C:\Program Files\Unity\Hub\Editor\2020.2.1f1\Editor\Unity.exe
-adb2
-batchMode
-noUpm
-name
AssetImportWorker0
-projectPath
C:/Users/hv200/Desktop/programms/GitHubRep/Chess8309/UnityChess/Chess8309
-logFile
Logs/AssetImportWorker0.log
-srvPort
63314
Successfully changed project path to: C:/Users/hv200/Desktop/programms/GitHubRep/Chess8309/UnityChess/Chess8309
C:/Users/hv200/Desktop/programms/GitHubRep/Chess8309/UnityChess/Chess8309
Using Asset Import Pipeline V2.
Refreshing native plugins compatible for Editor in 68.49 ms, found 1 plugins.
Preloading 0 native plugins for Editor in 0.00 ms.
Initialize engine version: 2020.2.1f1 (270dd8c3da1c)
[Subsystems] Discovering subsystems at path C:/Program Files/Unity/Hub/Editor/2020.2.1f1/Editor/Data/Resources/UnitySubsystems
[Subsystems] Discovering subsystems at path C:/Users/hv200/Desktop/programms/GitHubRep/Chess8309/UnityChess/Chess8309/Assets
GfxDevice: creating device client; threaded=0
Direct3D:
    Version:  Direct3D 11.0 [level 11.0]
    Renderer: NVIDIA GeForce GTX 950M (ID=0x139a)
    Vendor:   
    VRAM:     2018 MB
    Driver:   21.21.13.7654
Initialize mono
Mono path[0] = 'C:/Program Files/Unity/Hub/Editor/2020.2.1f1/Editor/Data/Managed'
Mono path[1] = 'C:/Program Files/Unity/Hub/Editor/2020.2.1f1/Editor/Data/MonoBleedingEdge/lib/mono/unityjit'
Mono config path = 'C:/Program Files/Unity/Hub/Editor/2020.2.1f1/Editor/Data/MonoBleedingEdge/etc'
Using monoOptions --debugger-agent=transport=dt_socket,embedding=1,server=y,suspend=n,address=127.0.0.1:56516
Begin MonoManager ReloadAssembly
Registering precompiled unity dll's ...
Register platform support module: C:/Program Files/Unity/Hub/Editor/2020.2.1f1/Editor/Data/PlaybackEngines/WindowsStandaloneSupport/UnityEditor.WindowsStandalone.Extensions.dll
Registered in 0.001648 seconds.
Native extension for WindowsStandalone target not found
Refreshing native plugins compatible for Editor in 47.83 ms, found 1 plugins.
Preloading 0 native plugins for Editor in 0.00 ms.
Invoked RoslynAnalysisRunner static constructor.
RoslynAnalysisRunner will not be running.
RoslynAnalysisRunner has terminated.
Mono: successfully reloaded assembly
- Completed reload, in  1.406 seconds
Platform modules already initialized, skipping
Registering precompiled user dll's ...
Registered in 0.006102 seconds.
Begin MonoManager ReloadAssembly
Native extension for WindowsStandalone target not found
Refreshing native plugins compatible for Editor in 50.85 ms, found 1 plugins.
Preloading 0 native plugins for Editor in 0.00 ms.
Invoked RoslynAnalysisRunner static constructor.
RoslynAnalysisRunner will not be running.
RoslynAnalysisRunner has terminated.
Mono: successfully reloaded assembly
- Completed reload, in  1.474 seconds
Platform modules already initialized, skipping
========================================================================
Worker process is ready to serve import requests
Launched and connected shader compiler UnityShaderCompiler.exe after 0.61 seconds
Refreshing native plugins compatible for Editor in 0.42 ms, found 1 plugins.
Preloading 0 native plugins for Editor in 0.00 ms.
Unloading 1826 Unused Serialized files (Serialized files now loaded: 0)
System memory in use before: 105.9 MB.
System memory in use after: 105.9 MB.

Unloading 30 unused Assets to reduce memory usage. Loaded Objects now: 2284.
Total: 2.255900 ms (FindLiveObjects: 0.230800 ms CreateObjectMapping: 0.089200 ms MarkObjects: 1.791300 ms  DeleteObjects: 0.143100 ms)

========================================================================
Received Import Request.
  path: Assets/ScriptsAndLibs/Rules.cs
  artifactKey: Guid(c1db6eeabf93f0e4d8573de12a655979) Importer(815301076,1909f56bfc062723c751e8b465ee728b)
Start importing Assets/ScriptsAndLibs/Rules.cs using Guid(c1db6eeabf93f0e4d8573de12a655979) Importer(815301076,1909f56bfc062723c751e8b465ee728b)  -> (artifact id: 'dc2aef15abef7611da85808d548adf96') in 0.340645 seconds
  Import took 0.400256 seconds .

========================================================================
Received Import Request.
  Time since last request: 315.229836 seconds.
  path: Assets/ScriptsAndLibs/PlayerInGame.cs
  artifactKey: Guid(26fb6d2d5a196ae498178481ab65436c) Importer(815301076,1909f56bfc062723c751e8b465ee728b)
Start importing Assets/ScriptsAndLibs/PlayerInGame.cs using Guid(26fb6d2d5a196ae498178481ab65436c) Importer(815301076,1909f56bfc062723c751e8b465ee728b)  -> (artifact id: 'a0728fa8fe7a608c8f8d9c5543280776') in 0.044217 seconds
  Import took 0.048594 seconds .

========================================================================
Received Import Request.
  Time since last request: 169.005963 seconds.
  path: Assets/ScriptsAndLibs/PlayerInGame.cs
  artifactKey: Guid(26fb6d2d5a196ae498178481ab65436c) Importer(815301076,1909f56bfc062723c751e8b465ee728b)
Start importing Assets/ScriptsAndLibs/PlayerInGame.cs using Guid(26fb6d2d5a196ae498178481ab65436c) Importer(815301076,1909f56bfc062723c751e8b465ee728b)  -> (artifact id: 'f26e40ffe87b718a48413a92abdbd100') in 0.022832 seconds
  Import took 0.034012 seconds .

========================================================================
Received Prepare
Registering precompiled user dll's ...
Registered in 0.006514 seconds.
Begin MonoManager ReloadAssembly
Native extension for WindowsStandalone target not found
Refreshing native plugins compatible for Editor in 0.53 ms, found 1 plugins.
Preloading 0 native plugins for Editor in 0.00 ms.
Invoked RoslynAnalysisRunner static constructor.
RoslynAnalysisRunner will not be running.
RoslynAnalysisRunner has terminated.
Mono: successfully reloaded assembly
- Completed reload, in  3.692 seconds
Platform modules already initialized, skipping
Refreshing native plugins compatible for Editor in 0.53 ms, found 1 plugins.
Preloading 0 native plugins for Editor in 0.00 ms.
Unloading 1810 Unused Serialized files (Serialized files now loaded: 0)
System memory in use before: 105.5 MB.
System memory in use after: 105.5 MB.

Unloading 20 unused Assets to reduce memory usage. Loaded Objects now: 2286.
Total: 5.398000 ms (FindLiveObjects: 0.411000 ms CreateObjectMapping: 0.284000 ms MarkObjects: 4.431700 ms  DeleteObjects: 0.269300 ms)

========================================================================
Received Prepare
Refreshing native plugins compatible for Editor in 373.54 ms, found 1 plugins.
Preloading 0 native plugins for Editor in 0.00 ms.
Unloading 17 Unused Serialized files (Serialized files now loaded: 0)
System memory in use before: 70.2 MB.
System memory in use after: 70.2 MB.

Unloading 17 unused Assets to reduce memory usage. Loaded Objects now: 2286.
Total: 5.517400 ms (FindLiveObjects: 0.422500 ms CreateObjectMapping: 0.141300 ms MarkObjects: 4.734600 ms  DeleteObjects: 0.216100 ms)

