Using pre-set license
Built from '2020.2/release' branch; Version is '2020.2.0f1 (3721df5a8b28) revision 3613151'; Using compiler version '192528614'; Build Type 'Release'
OS: 'Windows 10  (10.0.0) 64bit' Language: 'ru' Physical Memory: 6012 MB
BatchMode: 1, IsHumanControllingUs: 0, StartBugReporterOnCrash: 0, Is64bit: 1, IsPro: 0

 COMMAND LINE ARGUMENTS:
C:\Program Files\Unity\Hub\Editor\2020.2.0f1\Editor\Unity.exe
-adb2
-batchMode
-noUpm
-name
AssetImportWorker24
-projectPath
C:/Users/hv200/Desktop/programms/GitHubRep/Chess8309/UnityChess/Chess8309
-logFile
Logs/AssetImportWorker24.log
-srvPort
51423
Successfully changed project path to: C:/Users/hv200/Desktop/programms/GitHubRep/Chess8309/UnityChess/Chess8309
C:/Users/hv200/Desktop/programms/GitHubRep/Chess8309/UnityChess/Chess8309
Using Asset Import Pipeline V2.
Refreshing native plugins compatible for Editor in 79.94 ms, found 1 plugins.
Preloading 0 native plugins for Editor in 0.00 ms.
Initialize engine version: 2020.2.0f1 (3721df5a8b28)
[Subsystems] Discovering subsystems at path C:/Program Files/Unity/Hub/Editor/2020.2.0f1/Editor/Data/Resources/UnitySubsystems
[Subsystems] Discovering subsystems at path C:/Users/hv200/Desktop/programms/GitHubRep/Chess8309/UnityChess/Chess8309/Assets
GfxDevice: creating device client; threaded=0
Direct3D:
    Version:  Direct3D 11.0 [level 11.0]
    Renderer: NVIDIA GeForce GTX 950M (ID=0x139a)
    Vendor:   
    VRAM:     2018 MB
    Driver:   21.21.13.7654
Initialize mono
Mono path[0] = 'C:/Program Files/Unity/Hub/Editor/2020.2.0f1/Editor/Data/Managed'
Mono path[1] = 'C:/Program Files/Unity/Hub/Editor/2020.2.0f1/Editor/Data/MonoBleedingEdge/lib/mono/unityjit'
Mono config path = 'C:/Program Files/Unity/Hub/Editor/2020.2.0f1/Editor/Data/MonoBleedingEdge/etc'
Using monoOptions --debugger-agent=transport=dt_socket,embedding=1,server=y,suspend=n,address=127.0.0.1:56924
Begin MonoManager ReloadAssembly
Registering precompiled unity dll's ...
Register platform support module: C:/Program Files/Unity/Hub/Editor/2020.2.0f1/Editor/Data/PlaybackEngines/WindowsStandaloneSupport/UnityEditor.WindowsStandalone.Extensions.dll
Registered in 0.002266 seconds.
Native extension for WindowsStandalone target not found
Refreshing native plugins compatible for Editor in 57.63 ms, found 1 plugins.
Preloading 0 native plugins for Editor in 0.00 ms.
Invoked RoslynAnalysisRunner static constructor.
RoslynAnalysisRunner will not be running.
RoslynAnalysisRunner has terminated.
Mono: successfully reloaded assembly
- Completed reload, in  3.037 seconds
Platform modules already initialized, skipping
Registering precompiled user dll's ...
Registered in 0.001765 seconds.
Begin MonoManager ReloadAssembly
Native extension for WindowsStandalone target not found
Refreshing native plugins compatible for Editor in 47.41 ms, found 1 plugins.
Preloading 0 native plugins for Editor in 0.00 ms.
Invoked RoslynAnalysisRunner static constructor.
RoslynAnalysisRunner will not be running.
RoslynAnalysisRunner has terminated.
Mono: successfully reloaded assembly
- Completed reload, in  1.420 seconds
Platform modules already initialized, skipping
========================================================================
Worker process is ready to serve import requests
Launched and connected shader compiler UnityShaderCompiler.exe after 0.31 seconds
Refreshing native plugins compatible for Editor in 0.65 ms, found 1 plugins.
Preloading 0 native plugins for Editor in 0.00 ms.
Unloading 1819 Unused Serialized files (Serialized files now loaded: 0)
System memory in use before: 86.4 MB.
System memory in use after: 86.4 MB.

Unloading 25 unused Assets to reduce memory usage. Loaded Objects now: 2261.
Total: 348.690100 ms (FindLiveObjects: 0.326400 ms CreateObjectMapping: 0.266300 ms MarkObjects: 327.348900 ms  DeleteObjects: 20.746200 ms)

========================================================================
Received Import Request.
  path: Assets/ScriptsAndLibs/Rules.cs
  artifactKey: Guid(c1db6eeabf93f0e4d8573de12a655979) Importer(815301076,1909f56bfc062723c751e8b465ee728b)
Start importing Assets/ScriptsAndLibs/Rules.cs using Guid(c1db6eeabf93f0e4d8573de12a655979) Importer(815301076,1909f56bfc062723c751e8b465ee728b)  -> (artifact id: '83d4f5e147054619e3b1f21d7616b11e') in 3.162708 seconds
  Import took 3.168565 seconds .

========================================================================
Received Import Request.
  Time since last request: 0.000343 seconds.
  path: Assets/ScriptsAndLibs
  artifactKey: Guid(d27ab781c622a2448a29bea03dcd018d) Importer(815301076,1909f56bfc062723c751e8b465ee728b)
Start importing Assets/ScriptsAndLibs using Guid(d27ab781c622a2448a29bea03dcd018d) Importer(815301076,1909f56bfc062723c751e8b465ee728b)  -> (artifact id: '1cede82cc22d18352e57842228596271') in 0.022971 seconds
  Import took 0.027200 seconds .

========================================================================
Received Prepare
Registering precompiled user dll's ...
Registered in 0.061231 seconds.
Begin MonoManager ReloadAssembly
Native extension for WindowsStandalone target not found
Refreshing native plugins compatible for Editor in 0.58 ms, found 1 plugins.
Preloading 0 native plugins for Editor in 0.00 ms.
Invoked RoslynAnalysisRunner static constructor.
RoslynAnalysisRunner will not be running.
RoslynAnalysisRunner has terminated.
Mono: successfully reloaded assembly
- Completed reload, in  3.113 seconds
Platform modules already initialized, skipping
Refreshing native plugins compatible for Editor in 0.45 ms, found 1 plugins.
Preloading 0 native plugins for Editor in 0.00 ms.
Unloading 1803 Unused Serialized files (Serialized files now loaded: 0)
System memory in use before: 85.7 MB.
System memory in use after: 85.7 MB.

Unloading 14 unused Assets to reduce memory usage. Loaded Objects now: 2263.
Total: 6.383600 ms (FindLiveObjects: 0.633500 ms CreateObjectMapping: 0.223600 ms MarkObjects: 5.177100 ms  DeleteObjects: 0.347200 ms)

========================================================================
Received Import Request.
  Time since last request: 1491.222469 seconds.
  path: Assets/TextMesh Pro
  artifactKey: Guid(f54d1bd14bd3ca042bd867b519fee8cc) Importer(815301076,1909f56bfc062723c751e8b465ee728b)
Start importing Assets/TextMesh Pro using Guid(f54d1bd14bd3ca042bd867b519fee8cc) Importer(815301076,1909f56bfc062723c751e8b465ee728b)  -> (artifact id: '3ac0cc2a6ff00fefd3cb33dfb49ddbc3') in 0.253191 seconds
  Import took 0.285985 seconds .

========================================================================
Received Import Request.
  Time since last request: 0.373944 seconds.
  path: Assets/Scenes
  artifactKey: Guid(372a0756ed46bb04792da6b1b5bb5314) Importer(815301076,1909f56bfc062723c751e8b465ee728b)
Start importing Assets/Scenes using Guid(372a0756ed46bb04792da6b1b5bb5314) Importer(815301076,1909f56bfc062723c751e8b465ee728b)  -> (artifact id: '3a2659ea98ac165f106b7d49f5237454') in 0.257198 seconds
  Import took 0.269572 seconds .

========================================================================
Received Import Request.
  Time since last request: 1.732124 seconds.
  path: Assets/Figures
  artifactKey: Guid(b3c33c3649e2cec4aaa6e348a1c74a0d) Importer(815301076,1909f56bfc062723c751e8b465ee728b)
Start importing Assets/Figures using Guid(b3c33c3649e2cec4aaa6e348a1c74a0d) Importer(815301076,1909f56bfc062723c751e8b465ee728b)  -> (artifact id: '6e09c316a7e756c553f12ee7ede405e3') in 0.279036 seconds
  Import took 0.286786 seconds .

========================================================================
Received Import Request.
  Time since last request: 0.000345 seconds.
  path: Assets/Figures/WhiteQueen.png
  artifactKey: Guid(7671d7401dff3e347b494dd7b20eb118) Importer(815301076,1909f56bfc062723c751e8b465ee728b)
Start importing Assets/Figures/WhiteQueen.png using Guid(7671d7401dff3e347b494dd7b20eb118) Importer(815301076,1909f56bfc062723c751e8b465ee728b)  -> (artifact id: '7fa89f3846cbac298a0e3b8c7adfe64d') in 14.513359 seconds
  Import took 14.519711 seconds .

========================================================================
Received Import Request.
  Time since last request: 0.000289 seconds.
  path: Assets/Figures/WhiteSquare.png
  artifactKey: Guid(ec9c91d74c20aa74fb79e21b47fec673) Importer(815301076,1909f56bfc062723c751e8b465ee728b)
Start importing Assets/Figures/WhiteSquare.png using Guid(ec9c91d74c20aa74fb79e21b47fec673) Importer(815301076,1909f56bfc062723c751e8b465ee728b)  -> (artifact id: 'f5df02a8c3789b5ca1e0c7d5d34736a9') in 0.725804 seconds
  Import took 3.095037 seconds .

========================================================================
Received Import Request.
  Time since last request: 0.000068 seconds.
  path: Assets/Figures/WhiteBishop.png
  artifactKey: Guid(9beea7413fd074945bd84e8e3ff40f3e) Importer(815301076,1909f56bfc062723c751e8b465ee728b)
Start importing Assets/Figures/WhiteBishop.png using Guid(9beea7413fd074945bd84e8e3ff40f3e) Importer(815301076,1909f56bfc062723c751e8b465ee728b)  -> (artifact id: '4a98d40a7ec69f8c543148325cebb32b') in 0.433723 seconds
  Import took 0.438721 seconds .

========================================================================
Received Import Request.
  Time since last request: 0.000725 seconds.
  path: Assets/Figures/Board.png
  artifactKey: Guid(c4564acc0ccaa7e4db4a19b225f24737) Importer(815301076,1909f56bfc062723c751e8b465ee728b)
Start importing Assets/Figures/Board.png using Guid(c4564acc0ccaa7e4db4a19b225f24737) Importer(815301076,1909f56bfc062723c751e8b465ee728b)  -> (artifact id: 'f6ae6d5f42c07d55fc7eca4a62c18901') in 2.741411 seconds
  Import took 2.747271 seconds .

========================================================================
Received Import Request.
  Time since last request: 0.000367 seconds.
  path: Assets/Figures/BlackBishop.png
  artifactKey: Guid(c7211d97664903748a47689a50acad8b) Importer(815301076,1909f56bfc062723c751e8b465ee728b)
Start importing Assets/Figures/BlackBishop.png using Guid(c7211d97664903748a47689a50acad8b) Importer(815301076,1909f56bfc062723c751e8b465ee728b)  -> (artifact id: '26b26e9e1cf648bc1da6b7732e6891b6') in 0.606956 seconds
  Import took 0.613889 seconds .

========================================================================
Received Import Request.
  Time since last request: 0.000527 seconds.
  path: Assets/Figures/BlackPawn.png
  artifactKey: Guid(48d6b65b25f49144a82a40d41a202264) Importer(815301076,1909f56bfc062723c751e8b465ee728b)
Start importing Assets/Figures/BlackPawn.png using Guid(48d6b65b25f49144a82a40d41a202264) Importer(815301076,1909f56bfc062723c751e8b465ee728b)  -> (artifact id: 'b41e15a73aee515a7217b68b08dc2bd3') in 1.999173 seconds
  Import took 2.010117 seconds .

========================================================================
Received Import Request.
  Time since last request: 0.000090 seconds.
  path: Assets/Figures/BlackKnight.png
  artifactKey: Guid(09d5bdd276e0be949be1d5a8ed66e090) Importer(815301076,1909f56bfc062723c751e8b465ee728b)
Start importing Assets/Figures/BlackKnight.png using Guid(09d5bdd276e0be949be1d5a8ed66e090) Importer(815301076,1909f56bfc062723c751e8b465ee728b)  -> (artifact id: 'f9350b1adcc2dbbf3338df5af040a8cd') in 0.450001 seconds
  Import took 0.459446 seconds .

========================================================================
Received Import Request.
  Time since last request: 0.000296 seconds.
  path: Assets/Figures/WhiteRook.png
  artifactKey: Guid(307e8f60e834465449c39163f6cb4301) Importer(815301076,1909f56bfc062723c751e8b465ee728b)
Start importing Assets/Figures/WhiteRook.png using Guid(307e8f60e834465449c39163f6cb4301) Importer(815301076,1909f56bfc062723c751e8b465ee728b)  -> (artifact id: '3bfabf4e8dab508dcaf6a9c896f95185') in 0.555144 seconds
  Import took 0.566001 seconds .

========================================================================
Received Import Request.
  Time since last request: 0.000406 seconds.
  path: Assets/Figures/BlackQueen.png
  artifactKey: Guid(213fc02ec01d607418067209e4821f62) Importer(815301076,1909f56bfc062723c751e8b465ee728b)
Start importing Assets/Figures/BlackQueen.png using Guid(213fc02ec01d607418067209e4821f62) Importer(815301076,1909f56bfc062723c751e8b465ee728b)  -> (artifact id: '7a7139a7ff2c60d1591a369a65d43f28') in 2.407905 seconds
  Import took 2.426225 seconds .

========================================================================
Received Import Request.
  Time since last request: 0.004488 seconds.
  path: Assets/Figures/WhiteKnight.png
  artifactKey: Guid(8db86a7124519954aa0d0a8519422f2f) Importer(815301076,1909f56bfc062723c751e8b465ee728b)
Start importing Assets/Figures/WhiteKnight.png using Guid(8db86a7124519954aa0d0a8519422f2f) Importer(815301076,1909f56bfc062723c751e8b465ee728b)  -> (artifact id: 'ee0d7ad4fe0693347399ce8f2f67f5d1') in 0.378583 seconds
  Import took 0.444593 seconds .

========================================================================
Received Import Request.
  Time since last request: 0.000470 seconds.
  path: Assets/Figures/WhiteKing.png
  artifactKey: Guid(42b3582939cd36849ba1a1babe939b7e) Importer(815301076,1909f56bfc062723c751e8b465ee728b)
Start importing Assets/Figures/WhiteKing.png using Guid(42b3582939cd36849ba1a1babe939b7e) Importer(815301076,1909f56bfc062723c751e8b465ee728b)  -> (artifact id: '3bc11b1dfa799459dd5b972968a9bf15') in 2.785263 seconds
  Import took 2.795774 seconds .

========================================================================
Received Import Request.
  Time since last request: 0.000335 seconds.
  path: Assets/Figures/WhitePawn.png
  artifactKey: Guid(fe2eb5f9facb0964785ae7d5b7f3c759) Importer(815301076,1909f56bfc062723c751e8b465ee728b)
Start importing Assets/Figures/WhitePawn.png using Guid(fe2eb5f9facb0964785ae7d5b7f3c759) Importer(815301076,1909f56bfc062723c751e8b465ee728b)  -> (artifact id: '831c85de0ef054e550d3c834ed3ea4a8') in 0.431474 seconds
  Import took 0.437566 seconds .

========================================================================
Received Import Request.
  Time since last request: 0.000226 seconds.
  path: Assets/Figures/BlackSquare.png
  artifactKey: Guid(7620b00bfde57394db4413a499e6eb87) Importer(815301076,1909f56bfc062723c751e8b465ee728b)
Start importing Assets/Figures/BlackSquare.png using Guid(7620b00bfde57394db4413a499e6eb87) Importer(815301076,1909f56bfc062723c751e8b465ee728b)  -> (artifact id: 'de944e5887fa78d58a22afc9508fca07') in 0.632644 seconds
  Import took 0.642122 seconds .

========================================================================
Received Import Request.
  Time since last request: 0.000345 seconds.
  path: Assets/Figures/BlackKing.png
  artifactKey: Guid(a720d76b05e69c4468c28e1f696e4390) Importer(815301076,1909f56bfc062723c751e8b465ee728b)
Start importing Assets/Figures/BlackKing.png using Guid(a720d76b05e69c4468c28e1f696e4390) Importer(815301076,1909f56bfc062723c751e8b465ee728b)  -> (artifact id: '72daaa454980c4a013b94f5939dad9bc') in 0.821273 seconds
  Import took 0.830377 seconds .

========================================================================
Received Import Request.
  Time since last request: 0.000415 seconds.
  path: Assets/Figures/BlackRook.png
  artifactKey: Guid(7f87853c778200440b08599867ee63cf) Importer(815301076,1909f56bfc062723c751e8b465ee728b)
Start importing Assets/Figures/BlackRook.png using Guid(7f87853c778200440b08599867ee63cf) Importer(815301076,1909f56bfc062723c751e8b465ee728b)  -> (artifact id: '19b57440535194eab18eb98b1c3e5e26') in 0.173341 seconds
  Import took 0.187721 seconds .

========================================================================
Received Import Request.
  Time since last request: 0.000334 seconds.
  path: Assets/Figures/WhiteSquareMarked.png
  artifactKey: Guid(d915394ab44add84b963f52fd90f4ad1) Importer(815301076,1909f56bfc062723c751e8b465ee728b)
Start importing Assets/Figures/WhiteSquareMarked.png using Guid(d915394ab44add84b963f52fd90f4ad1) Importer(815301076,1909f56bfc062723c751e8b465ee728b)  -> (artifact id: '42fdc1fa9d1feffab62210a1eb645e7a') in 1.906767 seconds
  Import took 1.912511 seconds .

========================================================================
Received Import Request.
  Time since last request: 0.002560 seconds.
  path: Assets/Figures/2.png
  artifactKey: Guid(8817a07ca682ebd49aa52acf2806efcf) Importer(815301076,1909f56bfc062723c751e8b465ee728b)
Start importing Assets/Figures/2.png using Guid(8817a07ca682ebd49aa52acf2806efcf) Importer(815301076,1909f56bfc062723c751e8b465ee728b)  -> (artifact id: 'c4eb9466a57c51e8b437a3deab3a652b') in 1.527076 seconds
  Import took 1.546941 seconds .

========================================================================
Received Import Request.
  Time since last request: 0.001193 seconds.
  path: Assets/Figures/BlackSquareMarked.png
  artifactKey: Guid(e39872fc7ca44b245a1808f0c0192f94) Importer(815301076,1909f56bfc062723c751e8b465ee728b)
Start importing Assets/Figures/BlackSquareMarked.png using Guid(e39872fc7ca44b245a1808f0c0192f94) Importer(815301076,1909f56bfc062723c751e8b465ee728b)  -> (artifact id: 'a0147b33433b545236cef597fa050882') in 0.432436 seconds
  Import took 0.446691 seconds .

========================================================================
Received Import Request.
  Time since last request: 148.121007 seconds.
  path: Assets/Figures/BlackBishop.png
  artifactKey: Guid(c7211d97664903748a47689a50acad8b) Importer(815301076,1909f56bfc062723c751e8b465ee728b)
Start importing Assets/Figures/BlackBishop.png using Guid(c7211d97664903748a47689a50acad8b) Importer(815301076,1909f56bfc062723c751e8b465ee728b)  -> (artifact id: 'a03f32eee93d2ecb950510efe5009e3d') in 1.999114 seconds
  Import took 2.007347 seconds .

========================================================================
Received Import Request.
  Time since last request: 0.000362 seconds.
  path: Assets/Figures/WhiteQueen.png
  artifactKey: Guid(7671d7401dff3e347b494dd7b20eb118) Importer(815301076,1909f56bfc062723c751e8b465ee728b)
Start importing Assets/Figures/WhiteQueen.png using Guid(7671d7401dff3e347b494dd7b20eb118) Importer(815301076,1909f56bfc062723c751e8b465ee728b)  -> (artifact id: '0fcde2bcf752a82427d5bed65c7a9e63') in 0.094175 seconds
  Import took 0.101017 seconds .

========================================================================
Received Import Request.
  Time since last request: 0.000311 seconds.
  path: Assets/Figures/WhiteSquare.png
  artifactKey: Guid(ec9c91d74c20aa74fb79e21b47fec673) Importer(815301076,1909f56bfc062723c751e8b465ee728b)
Start importing Assets/Figures/WhiteSquare.png using Guid(ec9c91d74c20aa74fb79e21b47fec673) Importer(815301076,1909f56bfc062723c751e8b465ee728b)  -> (artifact id: 'aa026dc3285a7681efd3538634827af6') in 0.158289 seconds
  Import took 0.178253 seconds .

========================================================================
Received Import Request.
  Time since last request: 0.000522 seconds.
  path: Assets/Figures/WhiteBishop.png
  artifactKey: Guid(9beea7413fd074945bd84e8e3ff40f3e) Importer(815301076,1909f56bfc062723c751e8b465ee728b)
Start importing Assets/Figures/WhiteBishop.png using Guid(9beea7413fd074945bd84e8e3ff40f3e) Importer(815301076,1909f56bfc062723c751e8b465ee728b)  -> (artifact id: 'd503bdb79c7630349ad8bb0dfc4f8e74') in 0.568020 seconds
  Import took 0.579776 seconds .

========================================================================
Received Import Request.
  Time since last request: 1.428275 seconds.
  path: Assets/Figures/BlackPawn.png
  artifactKey: Guid(48d6b65b25f49144a82a40d41a202264) Importer(815301076,1909f56bfc062723c751e8b465ee728b)
Start importing Assets/Figures/BlackPawn.png using Guid(48d6b65b25f49144a82a40d41a202264) Importer(815301076,1909f56bfc062723c751e8b465ee728b)  -> (artifact id: 'ead1c6d3e5d2a6b8cab014ba9fd61a94') in 0.109526 seconds
  Import took 0.135874 seconds .

========================================================================
Received Import Request.
  Time since last request: 0.000319 seconds.
  path: Assets/Figures/BlackKnight.png
  artifactKey: Guid(09d5bdd276e0be949be1d5a8ed66e090) Importer(815301076,1909f56bfc062723c751e8b465ee728b)
Start importing Assets/Figures/BlackKnight.png using Guid(09d5bdd276e0be949be1d5a8ed66e090) Importer(815301076,1909f56bfc062723c751e8b465ee728b)  -> (artifact id: '895af4411443bf4709e3adc7aeb1ca98') in 0.169542 seconds
  Import took 0.175287 seconds .

========================================================================
Received Import Request.
  Time since last request: 0.000311 seconds.
  path: Assets/Figures/WhiteRook.png
  artifactKey: Guid(307e8f60e834465449c39163f6cb4301) Importer(815301076,1909f56bfc062723c751e8b465ee728b)
Start importing Assets/Figures/WhiteRook.png using Guid(307e8f60e834465449c39163f6cb4301) Importer(815301076,1909f56bfc062723c751e8b465ee728b)  -> (artifact id: '1a02b5c1ed3ae0de1c7df538510e1c66') in 0.205944 seconds
  Import took 0.216291 seconds .

========================================================================
Received Import Request.
  Time since last request: 0.000310 seconds.
  path: Assets/Figures/BlackQueen.png
  artifactKey: Guid(213fc02ec01d607418067209e4821f62) Importer(815301076,1909f56bfc062723c751e8b465ee728b)
Start importing Assets/Figures/BlackQueen.png using Guid(213fc02ec01d607418067209e4821f62) Importer(815301076,1909f56bfc062723c751e8b465ee728b)  -> (artifact id: '4a7aa7ad7e48849f7a2467911b31be4a') in 0.141234 seconds
  Import took 0.146898 seconds .

========================================================================
Received Import Request.
  Time since last request: 0.000372 seconds.
  path: Assets/Figures/WhiteKnight.png
  artifactKey: Guid(8db86a7124519954aa0d0a8519422f2f) Importer(815301076,1909f56bfc062723c751e8b465ee728b)
Start importing Assets/Figures/WhiteKnight.png using Guid(8db86a7124519954aa0d0a8519422f2f) Importer(815301076,1909f56bfc062723c751e8b465ee728b)  -> (artifact id: '5031456f11095d5b4d0532d7e6f28c32') in 0.100569 seconds
  Import took 0.107047 seconds .

========================================================================
Received Import Request.
  Time since last request: 0.000271 seconds.
  path: Assets/Figures/WhiteKing.png
  artifactKey: Guid(42b3582939cd36849ba1a1babe939b7e) Importer(815301076,1909f56bfc062723c751e8b465ee728b)
Start importing Assets/Figures/WhiteKing.png using Guid(42b3582939cd36849ba1a1babe939b7e) Importer(815301076,1909f56bfc062723c751e8b465ee728b)  -> (artifact id: '74ae1f94d47317d59b7c932d595997ef') in 0.126136 seconds
  Import took 0.138099 seconds .

========================================================================
Received Import Request.
  Time since last request: 0.000316 seconds.
  path: Assets/Figures/WhitePawn.png
  artifactKey: Guid(fe2eb5f9facb0964785ae7d5b7f3c759) Importer(815301076,1909f56bfc062723c751e8b465ee728b)
Start importing Assets/Figures/WhitePawn.png using Guid(fe2eb5f9facb0964785ae7d5b7f3c759) Importer(815301076,1909f56bfc062723c751e8b465ee728b)  -> (artifact id: 'f2b66c3e01509f8ed741c0943e8052e4') in 1.769681 seconds
  Import took 1.796280 seconds .

========================================================================
Received Import Request.
  Time since last request: 0.000388 seconds.
  path: Assets/Figures/BlackSquare.png
  artifactKey: Guid(7620b00bfde57394db4413a499e6eb87) Importer(815301076,1909f56bfc062723c751e8b465ee728b)
Start importing Assets/Figures/BlackSquare.png using Guid(7620b00bfde57394db4413a499e6eb87) Importer(815301076,1909f56bfc062723c751e8b465ee728b)  -> (artifact id: '92b3bce0866ed98604cb70bc5388fb71') in 0.306919 seconds
  Import took 0.314663 seconds .

========================================================================
Received Import Request.
  Time since last request: 0.000129 seconds.
  path: Assets/Figures/BlackKing.png
  artifactKey: Guid(a720d76b05e69c4468c28e1f696e4390) Importer(815301076,1909f56bfc062723c751e8b465ee728b)
Start importing Assets/Figures/BlackKing.png using Guid(a720d76b05e69c4468c28e1f696e4390) Importer(815301076,1909f56bfc062723c751e8b465ee728b)  -> (artifact id: 'b7b8f9ee0e1b7a743f879ebdd6c9bd3a') in 0.163116 seconds
  Import took 0.170563 seconds .

========================================================================
Received Import Request.
  Time since last request: 0.000407 seconds.
  path: Assets/Figures/BlackRook.png
  artifactKey: Guid(7f87853c778200440b08599867ee63cf) Importer(815301076,1909f56bfc062723c751e8b465ee728b)
Start importing Assets/Figures/BlackRook.png using Guid(7f87853c778200440b08599867ee63cf) Importer(815301076,1909f56bfc062723c751e8b465ee728b)  -> (artifact id: '08487248d8d5035ad4d8b167af852bc4') in 0.240362 seconds
  Import took 0.245801 seconds .

========================================================================
Received Prepare
Registering precompiled user dll's ...
Registered in 0.122310 seconds.
Begin MonoManager ReloadAssembly
Native extension for WindowsStandalone target not found
Refreshing native plugins compatible for Editor in 1.29 ms, found 1 plugins.
Preloading 0 native plugins for Editor in 0.00 ms.
Invoked RoslynAnalysisRunner static constructor.
RoslynAnalysisRunner will not be running.
RoslynAnalysisRunner has terminated.
Mono: successfully reloaded assembly
- Completed reload, in  6.200 seconds
Platform modules already initialized, skipping
Refreshing native plugins compatible for Editor in 1.49 ms, found 1 plugins.
Preloading 0 native plugins for Editor in 0.00 ms.
Unloading 1803 Unused Serialized files (Serialized files now loaded: 0)
System memory in use before: 89.0 MB.
System memory in use after: 89.0 MB.

Unloading 14 unused Assets to reduce memory usage. Loaded Objects now: 2271.
Total: 4.418400 ms (FindLiveObjects: 0.242100 ms CreateObjectMapping: 0.202400 ms MarkObjects: 3.716200 ms  DeleteObjects: 0.255300 ms)

========================================================================
Received Prepare
Registering precompiled user dll's ...
Registered in 0.045557 seconds.
Begin MonoManager ReloadAssembly
Native extension for WindowsStandalone target not found
Refreshing native plugins compatible for Editor in 1.06 ms, found 1 plugins.
Preloading 0 native plugins for Editor in 0.00 ms.
Invoked RoslynAnalysisRunner static constructor.
RoslynAnalysisRunner will not be running.
RoslynAnalysisRunner has terminated.
Mono: successfully reloaded assembly
- Completed reload, in  3.732 seconds
Platform modules already initialized, skipping
Refreshing native plugins compatible for Editor in 1.25 ms, found 1 plugins.
Preloading 0 native plugins for Editor in 0.00 ms.
Unloading 1803 Unused Serialized files (Serialized files now loaded: 0)
System memory in use before: 89.2 MB.
System memory in use after: 89.2 MB.

Unloading 14 unused Assets to reduce memory usage. Loaded Objects now: 2273.
Total: 6.758700 ms (FindLiveObjects: 0.372800 ms CreateObjectMapping: 1.805400 ms MarkObjects: 4.414800 ms  DeleteObjects: 0.162800 ms)

========================================================================
Received Prepare
Registering precompiled user dll's ...
Registered in 0.001642 seconds.
Begin MonoManager ReloadAssembly
Native extension for WindowsStandalone target not found
Refreshing native plugins compatible for Editor in 0.40 ms, found 1 plugins.
Preloading 0 native plugins for Editor in 0.00 ms.
Invoked RoslynAnalysisRunner static constructor.
RoslynAnalysisRunner will not be running.
RoslynAnalysisRunner has terminated.
Mono: successfully reloaded assembly
- Completed reload, in  1.461 seconds
Platform modules already initialized, skipping
Refreshing native plugins compatible for Editor in 0.47 ms, found 1 plugins.
Preloading 0 native plugins for Editor in 0.00 ms.
Unloading 1803 Unused Serialized files (Serialized files now loaded: 0)
System memory in use before: 89.4 MB.
System memory in use after: 89.4 MB.

Unloading 14 unused Assets to reduce memory usage. Loaded Objects now: 2275.
Total: 3.132500 ms (FindLiveObjects: 0.485000 ms CreateObjectMapping: 0.165800 ms MarkObjects: 2.344500 ms  DeleteObjects: 0.134800 ms)

